<?xml version="1.0" encoding="UTF-8"?>
<!-- Generated by org.testng.reporters.JUnitXMLReporter -->
<testsuite ignored="0" hostname="LAPTOP-BIM2FR3V" failures="0" tests="4" name="Test" time="56.739" errors="0" timestamp="2024-06-03T19:46:49 IST">
  <testcase classname="scenarios.MouseHover" name="dragAndDrop" time="13.214"/>
  <testcase classname="scenarios.DynData" name="CalcAdd" time="6.506"/>
  <testcase classname="scenarios.SwitchingWindows" name="switchWin" time="17.163"/>
  <testcase classname="scenarios.HandlingChkBoxAndRadButtons" name="chkAndRadBtns" time="19.804"/>
</testsuite> <!-- Test -->
