<?xml version="1.0" encoding="UTF-8"?>
<!-- Generated by org.testng.reporters.JUnitXMLReporter -->
<testsuite ignored="0" hostname="LAPTOP-BIM2FR3V" failures="0" tests="4" name="Test" time="52.362" errors="0" timestamp="2024-06-05T19:42:06 IST">
  <testcase classname="scenarios.MouseHover" name="dragAndDrop" time="11.574"/>
  <testcase classname="scenarios.DynData" name="CalcAdd" time="5.556"/>
  <testcase classname="scenarios.SwitchingWindows" name="switchWin" time="17.215"/>
  <testcase classname="scenarios.HandlingChkBoxAndRadButtons" name="chkAndRadBtns" time="17.949"/>
</testsuite> <!-- Test -->
