<?xml version="1.0" encoding="UTF-8"?>
<testng-results ignored="0" total="4" passed="4" failed="0" skipped="0">
  <reporter-output>
  </reporter-output>
  <suite started-at="2024-06-03T19:45:52 IST" name="Suite" finished-at="2024-06-03T19:46:49 IST" duration-ms="56739">
    <groups>
    </groups>
    <test started-at="2024-06-03T19:45:52 IST" name="Test" finished-at="2024-06-03T19:46:49 IST" duration-ms="56739">
      <class name="scenarios.HandlingChkBoxAndRadButtons">
        <test-method signature="chkAndRadBtns()[pri:0, instance:scenarios.HandlingChkBoxAndRadButtons@50eac852]" started-at="2024-06-03T19:46:29 IST" name="chkAndRadBtns" finished-at="2024-06-03T19:46:49 IST" duration-ms="19804" status="PASS">
          <reporter-output>
          </reporter-output>
        </test-method> <!-- chkAndRadBtns -->
      </class> <!-- scenarios.HandlingChkBoxAndRadButtons -->
      <class name="scenarios.MouseHover">
        <test-method signature="dragAndDrop()[pri:0, instance:scenarios.MouseHover@3c407114]" started-at="2024-06-03T19:45:52 IST" name="dragAndDrop" finished-at="2024-06-03T19:46:05 IST" duration-ms="13214" status="PASS">
          <reporter-output>
          </reporter-output>
        </test-method> <!-- dragAndDrop -->
      </class> <!-- scenarios.MouseHover -->
      <class name="scenarios.DynData">
        <test-method signature="CalcAdd()[pri:0, instance:scenarios.DynData@291ae]" started-at="2024-06-03T19:46:05 IST" name="CalcAdd" finished-at="2024-06-03T19:46:12 IST" duration-ms="6506" status="PASS">
          <reporter-output>
          </reporter-output>
        </test-method> <!-- CalcAdd -->
      </class> <!-- scenarios.DynData -->
      <class name="scenarios.SwitchingWindows">
        <test-method signature="switchWin()[pri:0, instance:scenarios.SwitchingWindows@61df66b6]" started-at="2024-06-03T19:46:12 IST" name="switchWin" finished-at="2024-06-03T19:46:29 IST" duration-ms="17163" status="PASS">
          <reporter-output>
          </reporter-output>
        </test-method> <!-- switchWin -->
      </class> <!-- scenarios.SwitchingWindows -->
    </test> <!-- Test -->
  </suite> <!-- Suite -->
</testng-results>
